<?xml version="1.0" encoding="UTF-8"?>
<robot generator="Robot 7.3.2 (Python 3.13.6 on win32)" generated="2025-09-01T17:30:12.460548" rpa="false" schemaversion="5">
<suite id="s1" name="Api Testing Usuarios" source="c:\Users\md711\Documents\Compass-PB\Documentos\Automatização RobotFramework\tests\api_testing_usuarios.robot">
<test id="s1-t1" name="Cenário 01: Cadastrar um novo usuario com sucesso" line="9">
<kw name="Criar novo usuario" owner="api_testing_usuarios">
<kw name="Generate Random String" owner="String">
<msg time="2025-09-01T17:30:12.540176" level="INFO">${Nome_Aleatoria} = XMCTPD</msg>
<var>${Nome_Aleatoria}</var>
<arg>length=6</arg>
<arg>chars=[LETTERS]</arg>
<doc>Generates a string with a desired ``length`` from the given ``chars``.</doc>
<status status="PASS" start="2025-09-01T17:30:12.539879" elapsed="0.001465"/>
</kw>
<kw name="Set Test Variable" owner="BuiltIn">
<msg time="2025-09-01T17:30:12.541654" level="INFO">${Nome_Aleatoria} = XMCTPD</msg>
<arg>${Nome_Aleatoria}</arg>
<doc>Makes a variable available everywhere within the scope of the current test.</doc>
<status status="PASS" start="2025-09-01T17:30:12.541494" elapsed="0.000237"/>
</kw>
<kw name="Generate Random String" owner="String">
<msg time="2025-09-01T17:30:12.542000" level="INFO">${Senha_Aleatoria} = 3509747895</msg>
<var>${Senha_Aleatoria}</var>
<arg>length=10</arg>
<arg>chars=[NUMBERS]</arg>
<doc>Generates a string with a desired ``length`` from the given ``chars``.</doc>
<status status="PASS" start="2025-09-01T17:30:12.541816" elapsed="0.000248"/>
</kw>
<kw name="Set Test Variable" owner="BuiltIn">
<msg time="2025-09-01T17:30:12.542302" level="INFO">${Senha_Aleatoria} = 3509747895</msg>
<arg>${Senha_Aleatoria}</arg>
<doc>Makes a variable available everywhere within the scope of the current test.</doc>
<status status="PASS" start="2025-09-01T17:30:12.542162" elapsed="0.000199"/>
</kw>
<kw name="Log" owner="BuiltIn">
<msg time="2025-09-01T17:30:12.542550" level="INFO">3509747895</msg>
<arg>${Senha_Aleatoria}</arg>
<doc>Logs the given message with the given level.</doc>
<status status="PASS" start="2025-09-01T17:30:12.542443" elapsed="0.000171"/>
</kw>
<kw name="Log" owner="BuiltIn">
<msg time="2025-09-01T17:30:12.542783" level="INFO">XMCTPD</msg>
<arg>${Nome_Aleatoria}</arg>
<doc>Logs the given message with the given level.</doc>
<status status="PASS" start="2025-09-01T17:30:12.542691" elapsed="0.000147"/>
</kw>
<status status="PASS" start="2025-09-01T17:30:12.539389" elapsed="0.003513"/>
</kw>
<kw name="Cadastrar o usuario criado" owner="api_testing_usuarios">
<kw name="Create Dictionary" owner="BuiltIn">
<msg time="2025-09-01T17:30:12.543896" level="INFO">${body} = {'username': 'XMCTPD', 'password': '3509747895'}</msg>
<var>${body}</var>
<arg>username=${Nome_Aleatoria}</arg>
<arg>password=${Senha_Aleatoria}</arg>
<doc>Creates and returns a dictionary based on the given ``items``.</doc>
<status status="PASS" start="2025-09-01T17:30:12.543410" elapsed="0.000554"/>
</kw>
<kw name="Log" owner="BuiltIn">
<msg time="2025-09-01T17:30:12.544175" level="INFO">{'username': 'XMCTPD', 'password': '3509747895'}</msg>
<arg>${body}</arg>
<doc>Logs the given message with the given level.</doc>
<status status="PASS" start="2025-09-01T17:30:12.544059" elapsed="0.000182"/>
</kw>
<kw name="Criar Sessão restful-booker" owner="api_testing_usuarios">
<kw name="Create Dictionary" owner="BuiltIn">
<msg time="2025-09-01T17:30:12.544658" level="INFO">${headers} = {'Content-Type': 'application/json'}</msg>
<var>${headers}</var>
<arg>Content-Type=application/json</arg>
<doc>Creates and returns a dictionary based on the given ``items``.</doc>
<status status="PASS" start="2025-09-01T17:30:12.544526" elapsed="0.000187"/>
</kw>
<kw name="Create Session" owner="RequestsLibrary">
<msg time="2025-09-01T17:30:12.544948" level="INFO">Creating Session using : alias=RestfulBooker, url=https://restful-booker.herokuapp.com, headers={'Content-Type': 'application/json'},                     cookies={}, auth=None, timeout=None, proxies=None, verify=False,                     debug=0 </msg>
<arg>RestfulBooker</arg>
<arg>url=https://restful-booker.herokuapp.com</arg>
<arg>headers=${headers}</arg>
<doc>Create Session: create a HTTP session to a server</doc>
<status status="PASS" start="2025-09-01T17:30:12.544792" elapsed="0.000308"/>
</kw>
<status status="PASS" start="2025-09-01T17:30:12.544349" elapsed="0.000811"/>
</kw>
<kw name="POST On Session" owner="RequestsLibrary">
<msg time="2025-09-01T17:30:13.167498" level="INFO">POST Request : url=https://restful-booker.herokuapp.com/auth 
 path_url=/auth 
 headers={'User-Agent': 'python-requests/2.32.5', 'Accept-Encoding': 'gzip, deflate', 'Accept': '*/*', 'Connection': 'keep-alive', 'Content-Type': 'application/json', 'Content-Length': '48'} 
 body=b'{"username": "XMCTPD", "password": "3509747895"}' 
 </msg>
<msg time="2025-09-01T17:30:13.167705" level="INFO">POST Response : url=https://restful-booker.herokuapp.com/auth 
 status=200, reason=OK 
 headers={'Content-Length': '28', 'Content-Type': 'application/json; charset=utf-8', 'Date': 'Mon, 01 Sep 2025 20:31:28 GMT', 'Etag': 'W/"1c-J3EiwfZwVQjKTKvpvazUfTni8fI"', 'Nel': '{"report_to":"heroku-nel","response_headers":["Via"],"max_age":3600,"success_fraction":0.01,"failure_fraction":0.1}', 'Report-To': '{"group":"heroku-nel","endpoints":[{"url":"https://nel.heroku.com/reports?s=AbcGhQqKoVxhHneT0Qj25dHRViJi94CurpebTOMYg3s%3D\\u0026sid=c46efe9b-d3d2-4a0c-8c76-bfafa16c5add\\u0026ts=1756758688"}],"max_age":3600}', 'Reporting-Endpoints': 'heroku-nel="https://nel.heroku.com/reports?s=AbcGhQqKoVxhHneT0Qj25dHRViJi94CurpebTOMYg3s%3D&amp;sid=c46efe9b-d3d2-4a0c-8c76-bfafa16c5add&amp;ts=1756758688"', 'Server': 'Heroku', 'Via': '1.1 heroku-router', 'X-Powered-By': 'Express'} 
 body={"reason":"Bad credentials"} 
 </msg>
<msg time="2025-09-01T17:30:13.167801" level="INFO">c:\Users\md711\AppData\Local\Programs\Python\Python313\Lib\site-packages\urllib3\connectionpool.py:1097: InsecureRequestWarning: Unverified HTTPS request is being made to host 'restful-booker.herokuapp.com'. Adding certificate verification is strongly advised. See: https://urllib3.readthedocs.io/en/latest/advanced-usage.html#tls-warnings
  warnings.warn(</msg>
<msg time="2025-09-01T17:30:13.168073" level="INFO">${resposta} = &lt;Response [200]&gt;</msg>
<var>${resposta}</var>
<arg>alias=RestfulBooker</arg>
<arg>url=/auth</arg>
<arg>json=${body}</arg>
<doc>Sends a POST request on a previously created HTTP Session.</doc>
<status status="PASS" start="2025-09-01T17:30:12.545222" elapsed="0.622953"/>
</kw>
<kw name="Log" owner="BuiltIn">
<msg time="2025-09-01T17:30:13.168775" level="INFO">{'reason': 'Bad credentials'}</msg>
<arg>${resposta.json()}</arg>
<doc>Logs the given message with the given level.</doc>
<status status="PASS" start="2025-09-01T17:30:13.168344" elapsed="0.000513"/>
</kw>
<status status="PASS" start="2025-09-01T17:30:12.543191" elapsed="0.625745"/>
</kw>
<status status="PASS" start="2025-09-01T17:30:12.538713" elapsed="0.630529"/>
</test>
<status status="PASS" start="2025-09-01T17:30:12.463045" elapsed="0.706993"/>
</suite>
<statistics>
<total>
<stat pass="1" fail="0" skip="0">All Tests</stat>
</total>
<tag>
</tag>
<suite>
<stat name="Api Testing Usuarios" id="s1" pass="1" fail="0" skip="0">Api Testing Usuarios</stat>
</suite>
</statistics>
<errors>
</errors>
</robot>
